{"F:\\Akansha\\Project\\lendico-calculator\\src\\App.js": {"path":"F:\\Akansha\\Project\\lendico-calculator\\src\\App.js","statementMap":{"0":{"start":{"line":13,"column":2},"end":{"line":26,"column":4}}},"fnMap":{"0":{"name":"App","decl":{"start":{"line":12,"column":9},"end":{"line":12,"column":12}},"loc":{"start":{"line":12,"column":15},"end":{"line":28,"column":1}},"line":12}},"branchMap":{},"s":{"0":1},"f":{"0":1},"b":{},"_coverageSchema":"43e27e138ebf9cfc5966b082cf9a028302ed4184","hash":"33600bc56b9020d56d5a6d63e3f5c3c5c45537bb"}
,"F:\\Akansha\\Project\\lendico-calculator\\src\\components\\calculator\\Calculator.js": {"path":"F:\\Akansha\\Project\\lendico-calculator\\src\\components\\calculator\\Calculator.js","statementMap":{"0":{"start":{"line":8,"column":19},"end":{"line":46,"column":1}},"1":{"start":{"line":9,"column":30},"end":{"line":9,"column":48}},"2":{"start":{"line":10,"column":34},"end":{"line":10,"column":52}},"3":{"start":{"line":11,"column":29},"end":{"line":11,"column":65}},"4":{"start":{"line":17,"column":19},"end":{"line":29,"column":3}},"5":{"start":{"line":18,"column":14},"end":{"line":18,"column":58}},"6":{"start":{"line":19,"column":4},"end":{"line":22,"column":7}},"7":{"start":{"line":23,"column":4},"end":{"line":23,"column":27}},"8":{"start":{"line":28,"column":4},"end":{"line":28,"column":47}},"9":{"start":{"line":31,"column":4},"end":{"line":45,"column":6}},"10":{"start":{"line":35,"column":59},"end":{"line":35,"column":84}},"11":{"start":{"line":39,"column":61},"end":{"line":39,"column":88}}},"fnMap":{"0":{"name":"(anonymous_0)","decl":{"start":{"line":8,"column":19},"end":{"line":8,"column":20}},"loc":{"start":{"line":8,"column":25},"end":{"line":46,"column":1}},"line":8},"1":{"name":"(anonymous_1)","decl":{"start":{"line":17,"column":19},"end":{"line":17,"column":20}},"loc":{"start":{"line":17,"column":30},"end":{"line":29,"column":3}},"line":17},"2":{"name":"(anonymous_2)","decl":{"start":{"line":35,"column":53},"end":{"line":35,"column":54}},"loc":{"start":{"line":35,"column":58},"end":{"line":35,"column":85}},"line":35},"3":{"name":"(anonymous_3)","decl":{"start":{"line":39,"column":55},"end":{"line":39,"column":56}},"loc":{"start":{"line":39,"column":60},"end":{"line":39,"column":89}},"line":39}},"branchMap":{},"s":{"0":2,"1":8,"2":8,"3":8,"4":8,"5":0,"6":0,"7":0,"8":0,"9":8,"10":1,"11":1},"f":{"0":8,"1":0,"2":1,"3":1},"b":{},"_coverageSchema":"43e27e138ebf9cfc5966b082cf9a028302ed4184","hash":"6e9717492030b6db2e7c74d74dc84f912094ec06"}
,"F:\\Akansha\\Project\\lendico-calculator\\src\\components\\displayInformation\\DisplayInformation.js": {"path":"F:\\Akansha\\Project\\lendico-calculator\\src\\components\\displayInformation\\DisplayInformation.js","statementMap":{"0":{"start":{"line":8,"column":27},"end":{"line":18,"column":1}},"1":{"start":{"line":9,"column":2},"end":{"line":17,"column":3}},"2":{"start":{"line":12,"column":9},"end":{"line":14,"column":16}}},"fnMap":{"0":{"name":"(anonymous_0)","decl":{"start":{"line":8,"column":27},"end":{"line":8,"column":28}},"loc":{"start":{"line":8,"column":33},"end":{"line":18,"column":1}},"line":8},"1":{"name":"(anonymous_1)","decl":{"start":{"line":11,"column":7},"end":{"line":11,"column":8}},"loc":{"start":{"line":12,"column":9},"end":{"line":14,"column":16}},"line":12}},"branchMap":{"0":{"loc":{"start":{"line":13,"column":44},"end":{"line":13,"column":97}},"type":"binary-expr","locations":[{"start":{"line":13,"column":44},"end":{"line":13,"column":59}},{"start":{"line":13,"column":63},"end":{"line":13,"column":97}}],"line":13}},"s":{"0":1,"1":1,"2":1},"f":{"0":1,"1":1},"b":{"0":[1,1]},"_coverageSchema":"43e27e138ebf9cfc5966b082cf9a028302ed4184","hash":"823e3da1644368179d09e30e21f7d09da0e608b1"}
,"F:\\Akansha\\Project\\lendico-calculator\\src\\contexts\\InstallmentContext.js": {"path":"F:\\Akansha\\Project\\lendico-calculator\\src\\contexts\\InstallmentContext.js","statementMap":{"0":{"start":{"line":3,"column":27},"end":{"line":3,"column":52}},"1":{"start":{"line":4,"column":35},"end":{"line":4,"column":62}},"2":{"start":{"line":7,"column":50},"end":{"line":7,"column":89}},"3":{"start":{"line":9,"column":31},"end":{"line":13,"column":7}},"4":{"start":{"line":10,"column":27},"end":{"line":10,"column":43}},"5":{"start":{"line":11,"column":27},"end":{"line":11,"column":48}},"6":{"start":{"line":12,"column":10},"end":{"line":12,"column":44}},"7":{"start":{"line":15,"column":36},"end":{"line":18,"column":5}},"8":{"start":{"line":20,"column":4},"end":{"line":24,"column":6}}},"fnMap":{"0":{"name":"InstallmentProvider","decl":{"start":{"line":6,"column":16},"end":{"line":6,"column":35}},"loc":{"start":{"line":6,"column":48},"end":{"line":25,"column":1}},"line":6},"1":{"name":"(anonymous_1)","decl":{"start":{"line":9,"column":31},"end":{"line":9,"column":32}},"loc":{"start":{"line":9,"column":46},"end":{"line":13,"column":7}},"line":9}},"branchMap":{},"s":{"0":2,"1":2,"2":1,"3":1,"4":0,"5":0,"6":0,"7":1,"8":1},"f":{"0":1,"1":0},"b":{},"_coverageSchema":"43e27e138ebf9cfc5966b082cf9a028302ed4184","hash":"4ef5db557bd14f4b0f697a08f9f52a45448dead9"}
}
