TN:
SF:F:\Akansha\Project\lendico-calculator\src\App.js
FN:12,App
FNF:1
FNH:1
FNDA:1,App
DA:13,1
LF:1
LH:1
BRF:0
BRH:0
end_of_record
TN:
SF:F:\Akansha\Project\lendico-calculator\src\components\calculator\Calculator.js
FN:8,(anonymous_0)
FN:17,(anonymous_1)
FN:35,(anonymous_2)
FN:39,(anonymous_3)
FNF:4
FNH:3
FNDA:8,(anonymous_0)
FNDA:0,(anonymous_1)
FNDA:1,(anonymous_2)
FNDA:1,(anonymous_3)
DA:8,2
DA:9,8
DA:10,8
DA:11,8
DA:17,8
DA:18,0
DA:19,0
DA:23,0
DA:28,0
DA:31,8
DA:35,1
DA:39,1
LF:12
LH:8
BRF:0
BRH:0
end_of_record
TN:
SF:F:\Akansha\Project\lendico-calculator\src\components\displayInformation\DisplayInformation.js
FN:8,(anonymous_0)
FN:11,(anonymous_1)
FNF:2
FNH:2
FNDA:1,(anonymous_0)
FNDA:1,(anonymous_1)
DA:8,1
DA:9,1
DA:12,1
LF:3
LH:3
BRDA:13,0,0,1
BRDA:13,0,1,1
BRF:2
BRH:2
end_of_record
TN:
SF:F:\Akansha\Project\lendico-calculator\src\contexts\InstallmentContext.js
FN:6,InstallmentProvider
FN:9,(anonymous_1)
FNF:2
FNH:1
FNDA:1,InstallmentProvider
FNDA:0,(anonymous_1)
DA:3,2
DA:4,2
DA:7,1
DA:9,1
DA:10,0
DA:11,0
DA:12,0
DA:15,1
DA:20,1
LF:9
LH:6
BRF:0
BRH:0
end_of_record
